[2.976s] Invoking command in '/home/ecd507/f1tenth_ws/src/f1tenth_system/teleop_tools/mouse_teleop': PYTHONPATH=/home/ecd507/f1tenth_ws/build/mouse_teleop/prefix_override:/usr/lib/python3/dist-packages/colcon_core/task/python/colcon_distutils_commands:/home/ecd507/f1tenth_ws/install/mouse_teleop/lib/python3.10/site-packages: /usr/bin/python3 -W ignore:setup.py install is deprecated -W ignore:easy_install command is deprecated setup.py egg_info --egg-base ../../../../build/mouse_teleop build --build-base /home/ecd507/f1tenth_ws/build/mouse_teleop/build install --record /home/ecd507/f1tenth_ws/build/mouse_teleop/install.log --install-scripts $base/lib/mouse_teleop --single-version-externally-managed install_data
[3.272s] Traceback (most recent call last):
[3.273s]   File "/usr/lib/python3/dist-packages/pkg_resources/__init__.py", line 2031, in try_parse
[3.288s]     return packaging.version.Version(name)
[3.296s]   File "/usr/lib/python3/dist-packages/pkg_resources/_vendor/packaging/version.py", line 266, in __init__
[3.297s]     raise InvalidVersion(f"Invalid version: '{version}'")
[3.297s] pkg_resources.extern.packaging.version.InvalidVersion: Invalid version: '/usr/lib/python3/dist'
[3.297s] 
[3.297s] During handling of the above exception, another exception occurred:
[3.297s] 
[3.298s] Traceback (most recent call last):
[3.298s]   File "/home/ecd507/f1tenth_ws/src/f1tenth_system/teleop_tools/mouse_teleop/setup.py", line 3, in <module>
[3.298s]     from setuptools import find_packages
[3.298s]   File "/usr/lib/python3/dist-packages/setuptools/__init__.py", line 16, in <module>
[3.298s]     import setuptools.version
[3.298s]   File "/usr/lib/python3/dist-packages/setuptools/version.py", line 1, in <module>
[3.299s]     import pkg_resources
[3.299s]   File "/usr/lib/python3/dist-packages/pkg_resources/__init__.py", line 3267, in <module>
[3.300s]     def _initialize_master_working_set():
[3.300s]   File "/usr/lib/python3/dist-packages/pkg_resources/__init__.py", line 3241, in _call_aside
[3.303s]     f(*args, **kwargs)
[3.303s]   File "/usr/lib/python3/dist-packages/pkg_resources/__init__.py", line 3279, in _initialize_master_working_set
[3.303s]     working_set = WorkingSet._build_master()
[3.303s]   File "/usr/lib/python3/dist-packages/pkg_resources/__init__.py", line 564, in _build_master
[3.304s]     ws = cls()
[3.304s]   File "/usr/lib/python3/dist-packages/pkg_resources/__init__.py", line 557, in __init__
[3.304s]     self.add_entry(entry)
[3.304s]   File "/usr/lib/python3/dist-packages/pkg_resources/__init__.py", line 613, in add_entry
[3.304s]     for dist in find_distributions(entry, True):
[3.304s]   File "/usr/lib/python3/dist-packages/pkg_resources/__init__.py", line 2073, in find_on_path
[3.304s]     path_item_entries = _by_version_descending(filtered)
[3.304s]   File "/usr/lib/python3/dist-packages/pkg_resources/__init__.py", line 2043, in _by_version_descending
[3.307s]     return sorted(names, key=_by_version, reverse=True)
[3.307s]   File "/usr/lib/python3/dist-packages/pkg_resources/__init__.py", line 2041, in _by_version
[3.307s]     return [try_parse(part) for part in parts]
[3.307s]   File "/usr/lib/python3/dist-packages/pkg_resources/__init__.py", line 2041, in <listcomp>
[3.307s]     return [try_parse(part) for part in parts]
[3.307s]   File "/usr/lib/python3/dist-packages/pkg_resources/__init__.py", line 2033, in try_parse
[3.307s]     return packaging.version.Version('0')
[3.307s]   File "/usr/lib/python3/dist-packages/pkg_resources/_vendor/packaging/version.py", line 281, in __init__
[3.308s]     self._key = _cmpkey(
[3.308s]   File "/usr/lib/python3/dist-packages/pkg_resources/_vendor/packaging/version.py", line 444, in _cmpkey
[3.308s]     def _cmpkey(
[3.308s] KeyboardInterrupt
